# JRE version: Java(TM) SE Runtime Environment (17.0.12+8) (build 17.0.12+8-LTS-286)
# Java VM: Java HotSpot(TM) 64-Bit Server VM (17.0.12+8-LTS-286, mixed mode, sharing, tiered, compressed oops, compressed class ptrs, g1 gc, windows-amd64)
GC Precious Log:
 CPUs: 12 total, 12 available
 Memory: 15713M
 Large Page Support: Disabled
 NUMA Support: Disabled
 Compressed Oops: Enabled (32-bit)
 Heap Region Size: 1M
 Heap Min Capacity: 8M
 Heap Initial Capacity: 246M
 Heap Max Capacity: 2G
 Pre-touch: Disabled
 Parallel Workers: 10
 Concurrent Workers: 3
 Concurrent Refinement Workers: 10
 Periodic GC: Disabled
Heap:
 garbage-first heap   total 329728K, used 174026K [0x0000000080000000, 0x0000000100000000)
  region size 1024K, 2 young (2048K), 2 survivors (2048K)
 Metaspace       used 106416K, committed 107264K, reserved 1179648K
  class space    used 14081K, committed 14528K, reserved 1048576K
GC Heap History (20 events):
Event: 21.521 GC heap after
{Heap after GC invocations=54 (full 0):
 garbage-first heap   total 300032K, used 144065K [0x0000000080000000, 0x0000000100000000)
  region size 1024K, 17 young (17408K), 17 survivors (17408K)
 Metaspace       used 104855K, committed 105664K, reserved 1179648K
  class space    used 13982K, committed 14400K, reserved 1048576K
}
Event: 21.530 GC heap before
{Heap before GC invocations=54 (full 0):
 garbage-first heap   total 300032K, used 145089K [0x0000000080000000, 0x0000000100000000)
  region size 1024K, 18 young (18432K), 17 survivors (17408K)
 Metaspace       used 104857K, committed 105664K, reserved 1179648K
  class space    used 13982K, committed 14400K, reserved 1048576K
}
Event: 21.538 GC heap after
{Heap after GC invocations=55 (full 0):
 garbage-first heap   total 300032K, used 144154K [0x0000000080000000, 0x0000000100000000)
  region size 1024K, 3 young (3072K), 3 survivors (3072K)
 Metaspace       used 104857K, committed 105664K, reserved 1179648K
  class space    used 13982K, committed 14400K, reserved 1048576K
}
Event: 22.216 GC heap before
{Heap before GC invocations=55 (full 0):
 garbage-first heap   total 300032K, used 232218K [0x0000000080000000, 0x0000000100000000)
  region size 1024K, 89 young (91136K), 3 survivors (3072K)
 Metaspace       used 106051K, committed 106944K, reserved 1179648K
  class space    used 14071K, committed 14528K, reserved 1048576K
}
Event: 22.223 GC heap after
{Heap after GC invocations=56 (full 0):
 garbage-first heap   total 300032K, used 150382K [0x0000000080000000, 0x0000000100000000)
  region size 1024K, 9 young (9216K), 9 survivors (9216K)
 Metaspace       used 106051K, committed 106944K, reserved 1179648K
  class space    used 14071K, committed 14528K, reserved 1048576K
}
Event: 23.154 GC heap before
{Heap before GC invocations=57 (full 0):
 garbage-first heap   total 300032K, used 235374K [0x0000000080000000, 0x0000000100000000)
  region size 1024K, 92 young (94208K), 9 survivors (9216K)
 Metaspace       used 106211K, committed 107072K, reserved 1179648K
  class space    used 14073K, committed 14528K, reserved 1048576K
}
Event: 23.159 GC heap after
{Heap after GC invocations=58 (full 0):
 garbage-first heap   total 300032K, used 149959K [0x0000000080000000, 0x0000000100000000)
  region size 1024K, 2 young (2048K), 2 survivors (2048K)
 Metaspace       used 106211K, committed 107072K, reserved 1179648K
  class space    used 14073K, committed 14528K, reserved 1048576K
}
Event: 23.285 GC heap before
{Heap before GC invocations=58 (full 0):
 garbage-first heap   total 300032K, used 162247K [0x0000000080000000, 0x0000000100000000)
  region size 1024K, 14 young (14336K), 2 survivors (2048K)
 Metaspace       used 106211K, committed 107072K, reserved 1179648K
  class space    used 14073K, committed 14528K, reserved 1048576K
}
Event: 23.287 GC heap after
{Heap after GC invocations=59 (full 0):
 garbage-first heap   total 300032K, used 147831K [0x0000000080000000, 0x0000000100000000)
  region size 1024K, 1 young (1024K), 1 survivors (1024K)
 Metaspace       used 106211K, committed 107072K, reserved 1179648K
  class space    used 14073K, committed 14528K, reserved 1048576K
}
Event: 23.907 GC heap before
{Heap before GC invocations=59 (full 0):
 garbage-first heap   total 300032K, used 241015K [0x0000000080000000, 0x0000000100000000)
  region size 1024K, 92 young (94208K), 1 survivors (1024K)
 Metaspace       used 106339K, committed 107200K, reserved 1179648K
  class space    used 14081K, committed 14528K, reserved 1048576K
}
Event: 23.916 GC heap after
{Heap after GC invocations=60 (full 0):
 garbage-first heap   total 300032K, used 162284K [0x0000000080000000, 0x0000000100000000)
  region size 1024K, 12 young (12288K), 12 survivors (12288K)
 Metaspace       used 106339K, committed 107200K, reserved 1179648K
  class space    used 14081K, committed 14528K, reserved 1048576K
}
Event: 24.255 GC heap before
{Heap before GC invocations=61 (full 0):
 garbage-first heap   total 309248K, used 241132K [0x0000000080000000, 0x0000000100000000)
  region size 1024K, 89 young (91136K), 12 survivors (12288K)
 Metaspace       used 106391K, committed 107264K, reserved 1179648K
  class space    used 14081K, committed 14528K, reserved 1048576K
}
Event: 24.264 GC heap after
{Heap after GC invocations=62 (full 0):
 garbage-first heap   total 309248K, used 165904K [0x0000000080000000, 0x0000000100000000)
  region size 1024K, 8 young (8192K), 8 survivors (8192K)
 Metaspace       used 106391K, committed 107264K, reserved 1179648K
  class space    used 14081K, committed 14528K, reserved 1048576K
}
Event: 24.287 GC heap before
{Heap before GC invocations=62 (full 0):
 garbage-first heap   total 309248K, used 173072K [0x0000000080000000, 0x0000000100000000)
  region size 1024K, 15 young (15360K), 8 survivors (8192K)
 Metaspace       used 106391K, committed 107264K, reserved 1179648K
  class space    used 14081K, committed 14528K, reserved 1048576K
}
Event: 24.293 GC heap after
{Heap after GC invocations=63 (full 0):
 garbage-first heap   total 309248K, used 164226K [0x0000000080000000, 0x0000000100000000)
  region size 1024K, 2 young (2048K), 2 survivors (2048K)
 Metaspace       used 106391K, committed 107264K, reserved 1179648K
  class space    used 14081K, committed 14528K, reserved 1048576K
}
Event: 24.581 GC heap before
{Heap before GC invocations=63 (full 0):
 garbage-first heap   total 309248K, used 248194K [0x0000000080000000, 0x0000000100000000)
  region size 1024K, 84 young (86016K), 2 survivors (2048K)
 Metaspace       used 106416K, committed 107264K, reserved 1179648K
  class space    used 14081K, committed 14528K, reserved 1048576K
}
Event: 24.592 GC heap after
{Heap after GC invocations=64 (full 0):
 garbage-first heap   total 309248K, used 171897K [0x0000000080000000, 0x0000000100000000)
  region size 1024K, 10 young (10240K), 10 survivors (10240K)
 Metaspace       used 106416K, committed 107264K, reserved 1179648K
  class space    used 14081K, committed 14528K, reserved 1048576K
}
Event: 24.827 GC heap before
{Heap before GC invocations=65 (full 0):
 garbage-first heap   total 329728K, used 250220K [0x0000000080000000, 0x0000000100000000)
  region size 1024K, 87 young (89088K), 10 survivors (10240K)
 Metaspace       used 106416K, committed 107264K, reserved 1179648K
  class space    used 14081K, committed 14528K, reserved 1048576K
}
Event: 24.838 GC heap after
{Heap after GC invocations=66 (full 0):
 garbage-first heap   total 329728K, used 177974K [0x0000000080000000, 0x0000000100000000)
  region size 1024K, 11 young (11264K), 11 survivors (11264K)
 Metaspace       used 106416K, committed 107264K, reserved 1179648K
  class space    used 14081K, committed 14528K, reserved 1048576K
}
Event: 24.852 GC heap before
{Heap before GC invocations=66 (full 0):
 garbage-first heap   total 329728K, used 183094K [0x0000000080000000, 0x0000000100000000)
  region size 1024K, 16 young (16384K), 11 survivors (11264K)
 Metaspace       used 106416K, committed 107264K, reserved 1179648K
  class space    used 14081K, committed 14528K, reserved 1048576K
}

