# JRE version: Java(TM) SE Runtime Environment (17.0.12+8) (build 17.0.12+8-LTS-286)
# Java VM: Java HotSpot(TM) 64-Bit Server VM (17.0.12+8-LTS-286, mixed mode, sharing, tiered, compressed oops, compressed class ptrs, g1 gc, windows-amd64)
GC Precious Log:
 CPUs: 12 total, 12 available
 Memory: 15713M
 Large Page Support: Disabled
 NUMA Support: Disabled
 Compressed Oops: Enabled (32-bit)
 Heap Region Size: 1M
 Heap Min Capacity: 8M
 Heap Initial Capacity: 246M
 Heap Max Capacity: 2G
 Pre-touch: Disabled
 Parallel Workers: 10
 Concurrent Workers: 3
 Concurrent Refinement Workers: 10
 Periodic GC: Disabled
Heap:
 garbage-first heap   total 179200K, used 141049K [0x0000000080000000, 0x0000000100000000)
  region size 1024K, 40 young (40960K), 6 survivors (6144K)
 Metaspace       used 83215K, committed 83904K, reserved 1179648K
  class space    used 11682K, committed 11968K, reserved 1048576K
GC Heap History (20 events):
Event: 12.258 GC heap before
{Heap before GC invocations=39 (full 0):
 garbage-first heap   total 132096K, used 109992K [0x0000000080000000, 0x0000000100000000)
  region size 1024K, 33 young (33792K), 1 survivors (1024K)
 Metaspace       used 71011K, committed 71616K, reserved 1114112K
  class space    used 9973K, committed 10304K, reserved 1048576K
}
Event: 12.261 GC heap after
{Heap after GC invocations=40 (full 0):
 garbage-first heap   total 168960K, used 78328K [0x0000000080000000, 0x0000000100000000)
  region size 1024K, 2 young (2048K), 2 survivors (2048K)
 Metaspace       used 71011K, committed 71616K, reserved 1114112K
  class space    used 9973K, committed 10304K, reserved 1048576K
}
Event: 13.260 GC heap before
{Heap before GC invocations=41 (full 0):
 garbage-first heap   total 168960K, used 138744K [0x0000000080000000, 0x0000000100000000)
  region size 1024K, 61 young (62464K), 2 survivors (2048K)
 Metaspace       used 75133K, committed 75840K, reserved 1179648K
  class space    used 10515K, committed 10880K, reserved 1048576K
}
Event: 13.264 GC heap after
{Heap after GC invocations=42 (full 0):
 garbage-first heap   total 168960K, used 81358K [0x0000000080000000, 0x0000000100000000)
  region size 1024K, 5 young (5120K), 5 survivors (5120K)
 Metaspace       used 75133K, committed 75840K, reserved 1179648K
  class space    used 10515K, committed 10880K, reserved 1048576K
}
Event: 13.987 GC heap before
{Heap before GC invocations=42 (full 0):
 garbage-first heap   total 168960K, used 138702K [0x0000000080000000, 0x0000000100000000)
  region size 1024K, 62 young (63488K), 5 survivors (5120K)
 Metaspace       used 77734K, committed 78400K, reserved 1179648K
  class space    used 11059K, committed 11392K, reserved 1048576K
}
Event: 13.993 GC heap after
{Heap after GC invocations=43 (full 0):
 garbage-first heap   total 168960K, used 90778K [0x0000000080000000, 0x0000000100000000)
  region size 1024K, 8 young (8192K), 8 survivors (8192K)
 Metaspace       used 77734K, committed 78400K, reserved 1179648K
  class space    used 11059K, committed 11392K, reserved 1048576K
}
Event: 14.684 GC heap before
{Heap before GC invocations=44 (full 0):
 garbage-first heap   total 168960K, used 141978K [0x0000000080000000, 0x0000000100000000)
  region size 1024K, 54 young (55296K), 8 survivors (8192K)
 Metaspace       used 80745K, committed 81472K, reserved 1179648K
  class space    used 11371K, committed 11712K, reserved 1048576K
}
Event: 14.691 GC heap after
{Heap after GC invocations=45 (full 0):
 garbage-first heap   total 168960K, used 96600K [0x0000000080000000, 0x0000000100000000)
  region size 1024K, 7 young (7168K), 7 survivors (7168K)
 Metaspace       used 80745K, committed 81472K, reserved 1179648K
  class space    used 11371K, committed 11712K, reserved 1048576K
}
Event: 14.703 GC heap before
{Heap before GC invocations=45 (full 0):
 garbage-first heap   total 168960K, used 97624K [0x0000000080000000, 0x0000000100000000)
  region size 1024K, 8 young (8192K), 7 survivors (7168K)
 Metaspace       used 80760K, committed 81472K, reserved 1179648K
  class space    used 11371K, committed 11712K, reserved 1048576K
}
Event: 14.707 GC heap after
{Heap after GC invocations=46 (full 0):
 garbage-first heap   total 168960K, used 96491K [0x0000000080000000, 0x0000000100000000)
  region size 1024K, 1 young (1024K), 1 survivors (1024K)
 Metaspace       used 80760K, committed 81472K, reserved 1179648K
  class space    used 11371K, committed 11712K, reserved 1048576K
}
Event: 15.193 GC heap before
{Heap before GC invocations=46 (full 0):
 garbage-first heap   total 168960K, used 136427K [0x0000000080000000, 0x0000000100000000)
  region size 1024K, 41 young (41984K), 1 survivors (1024K)
 Metaspace       used 81200K, committed 81920K, reserved 1179648K
  class space    used 11416K, committed 11776K, reserved 1048576K
}
Event: 15.196 GC heap after
{Heap after GC invocations=47 (full 0):
 garbage-first heap   total 168960K, used 100729K [0x0000000080000000, 0x0000000100000000)
  region size 1024K, 6 young (6144K), 6 survivors (6144K)
 Metaspace       used 81200K, committed 81920K, reserved 1179648K
  class space    used 11416K, committed 11776K, reserved 1048576K
}
Event: 15.436 GC heap before
{Heap before GC invocations=48 (full 0):
 garbage-first heap   total 179200K, used 135545K [0x0000000080000000, 0x0000000100000000)
  region size 1024K, 41 young (41984K), 6 survivors (6144K)
 Metaspace       used 81210K, committed 81920K, reserved 1179648K
  class space    used 11413K, committed 11776K, reserved 1048576K
}
Event: 15.439 GC heap after
{Heap after GC invocations=49 (full 0):
 garbage-first heap   total 179200K, used 102334K [0x0000000080000000, 0x0000000100000000)
  region size 1024K, 5 young (5120K), 5 survivors (5120K)
 Metaspace       used 81210K, committed 81920K, reserved 1179648K
  class space    used 11413K, committed 11776K, reserved 1048576K
}
Event: 15.482 GC heap before
{Heap before GC invocations=49 (full 0):
 garbage-first heap   total 179200K, used 105406K [0x0000000080000000, 0x0000000100000000)
  region size 1024K, 8 young (8192K), 5 survivors (5120K)
 Metaspace       used 81210K, committed 81920K, reserved 1179648K
  class space    used 11413K, committed 11776K, reserved 1048576K
}
Event: 15.486 GC heap after
{Heap after GC invocations=50 (full 0):
 garbage-first heap   total 179200K, used 99722K [0x0000000080000000, 0x0000000100000000)
  region size 1024K, 1 young (1024K), 1 survivors (1024K)
 Metaspace       used 81210K, committed 81920K, reserved 1179648K
  class space    used 11413K, committed 11776K, reserved 1048576K
}
Event: 15.676 GC heap before
{Heap before GC invocations=50 (full 0):
 garbage-first heap   total 179200K, used 141706K [0x0000000080000000, 0x0000000100000000)
  region size 1024K, 42 young (43008K), 1 survivors (1024K)
 Metaspace       used 81210K, committed 81920K, reserved 1179648K
  class space    used 11413K, committed 11776K, reserved 1048576K
}
Event: 15.678 GC heap after
{Heap after GC invocations=51 (full 0):
 garbage-first heap   total 179200K, used 101805K [0x0000000080000000, 0x0000000100000000)
  region size 1024K, 4 young (4096K), 4 survivors (4096K)
 Metaspace       used 81210K, committed 81920K, reserved 1179648K
  class space    used 11413K, committed 11776K, reserved 1048576K
}
Event: 15.926 GC heap before
{Heap before GC invocations=51 (full 0):
 garbage-first heap   total 179200K, used 143789K [0x0000000080000000, 0x0000000100000000)
  region size 1024K, 45 young (46080K), 4 survivors (4096K)
 Metaspace       used 81702K, committed 82368K, reserved 1179648K
  class space    used 11480K, committed 11840K, reserved 1048576K
}
Event: 15.933 GC heap after
{Heap after GC invocations=52 (full 0):
 garbage-first heap   total 179200K, used 108281K [0x0000000080000000, 0x0000000100000000)
  region size 1024K, 6 young (6144K), 6 survivors (6144K)
 Metaspace       used 81702K, committed 82368K, reserved 1179648K
  class space    used 11480K, committed 11840K, reserved 1048576K
}

